  [4;36;1mSQL (0.2ms)[0m   [0;1mSET NAMES 'utf8'[0m
  [4;35;1mSQL (0.1ms)[0m   [0mSET SQL_AUTO_IS_NULL=0[0m
  [4;36;1mSQL (114.2ms)[0m   [0;1mSHOW TABLES[0m
  [4;35;1mSQL (813.5ms)[0m   [0mCREATE TABLE `schema_migrations` (`version` varchar(255) NOT NULL) ENGINE=InnoDB[0m
  [4;36;1mSQL (351.1ms)[0m   [0;1mCREATE UNIQUE INDEX `unique_schema_migrations` ON `schema_migrations` (`version`)[0m
  [4;35;1mSQL (38.3ms)[0m   [0mSHOW TABLES[0m
  [4;36;1mSQL (0.1ms)[0m   [0;1mSET NAMES 'utf8'[0m
  [4;35;1mSQL (0.1ms)[0m   [0mSET SQL_AUTO_IS_NULL=0[0m
  [4;36;1mSQL (0.5ms)[0m   [0;1mSHOW TABLES[0m
  [4;35;1mSQL (47.5ms)[0m   [0mSELECT version FROM schema_migrations[0m
Migrating to CreateMusics (20091120011050)
  [4;36;1mSQL (138.3ms)[0m   [0;1mCREATE TABLE `musics` (`id` int(11) DEFAULT NULL auto_increment PRIMARY KEY, `title` varchar(255), `description` varchar(255), `url` varchar(255), `created_at` datetime, `updated_at` datetime) ENGINE=InnoDB[0m
  [4;35;1mSQL (42.9ms)[0m   [0mINSERT INTO schema_migrations (version) VALUES ('20091120011050')[0m
Migrating to CreateVideos (20091120011057)
  [4;36;1mSQL (254.4ms)[0m   [0;1mCREATE TABLE `videos` (`id` int(11) DEFAULT NULL auto_increment PRIMARY KEY, `title` varchar(255), `description` varchar(255), `url` varchar(255), `created_at` datetime, `updated_at` datetime) ENGINE=InnoDB[0m
  [4;35;1mSQL (13.6ms)[0m   [0mINSERT INTO schema_migrations (version) VALUES ('20091120011057')[0m
  [4;36;1mSQL (0.4ms)[0m   [0;1mSHOW TABLES[0m
  [4;35;1mSQL (0.2ms)[0m   [0mSELECT version FROM schema_migrations[0m
  [4;36;1mSQL (0.3ms)[0m   [0;1mSHOW TABLES[0m
  [4;35;1mSQL (42.4ms)[0m   [0mSHOW FIELDS FROM `musics`[0m
  [4;36;1mSQL (1.0ms)[0m   [0;1mdescribe `musics`[0m
  [4;35;1mSQL (0.5ms)[0m   [0mSHOW KEYS FROM `musics`[0m
  [4;36;1mSQL (1.0ms)[0m   [0;1mSHOW FIELDS FROM `videos`[0m
  [4;35;1mSQL (1.2ms)[0m   [0mdescribe `videos`[0m
  [4;36;1mSQL (0.3ms)[0m   [0;1mSHOW KEYS FROM `videos`[0m
